# JRE version: Java(TM) SE Runtime Environment (8.0_51-b16) (build 1.8.0_51-b16)
# Java VM: Java HotSpot(TM) 64-Bit Server VM (25.51-b03 mixed mode windows-amd64 compressed oops)
Heap:
 garbage-first heap   total 5996544K, used 4034652K [0x0000000640000000, 0x00000006420005b8, 0x00000007c0000000)
  region size 32768K, 23 young (753664K), 4 survivors (131072K)
 Metaspace       used 364741K, capacity 382989K, committed 383180K, reserved 1370112K
  class space    used 57464K, capacity 61841K, committed 61952K, reserved 1048576K
GC Heap History (10 events):
Event: 7567.580 GC heap before
{Heap before GC invocations=958 (full 2):
 garbage-first heap   total 5996544K, used 4649727K [0x0000000640000000, 0x00000006420005b8, 0x00000007c0000000)
  region size 32768K, 44 young (1441792K), 2 survivors (65536K)
 Metaspace       used 364462K, capacity 382725K, committed 382796K, reserved 1370112K
  class space    used 57405K, capacity 61781K, committed 61824K, reserved 1048576K
Event: 7567.595 GC heap after
Heap after GC invocations=959 (full 2):
 garbage-first heap   total 5996544K, used 3274251K [0x0000000640000000, 0x00000006420005b8, 0x00000007c0000000)
  region size 32768K, 2 young (65536K), 2 survivors (65536K)
 Metaspace       used 364462K, capacity 382725K, committed 382796K, reserved 1370112K
  class space    used 57405K, capacity 61781K, committed 61824K, reserved 1048576K
}
Event: 7584.183 GC heap before
{Heap before GC invocations=959 (full 2):
 garbage-first heap   total 5996544K, used 4650507K [0x0000000640000000, 0x00000006420005b8, 0x00000007c0000000)
  region size 32768K, 44 young (1441792K), 2 survivors (65536K)
 Metaspace       used 364464K, capacity 382725K, committed 382796K, reserved 1370112K
  class space    used 57405K, capacity 61781K, committed 61824K, reserved 1048576K
Event: 7584.197 GC heap after
Heap after GC invocations=960 (full 2):
 garbage-first heap   total 5996544K, used 3289367K [0x0000000640000000, 0x00000006420005b8, 0x00000007c0000000)
  region size 32768K, 3 young (98304K), 3 survivors (98304K)
 Metaspace       used 364464K, capacity 382725K, committed 382796K, reserved 1370112K
  class space    used 57405K, capacity 61781K, committed 61824K, reserved 1048576K
}
Event: 7604.209 GC heap before
{Heap before GC invocations=960 (full 2):
 garbage-first heap   total 5996544K, used 4600087K [0x0000000640000000, 0x00000006420005b8, 0x00000007c0000000)
  region size 32768K, 43 young (1409024K), 3 survivors (98304K)
 Metaspace       used 364483K, capacity 382729K, committed 382796K, reserved 1370112K
  class space    used 57405K, capacity 61781K, committed 61824K, reserved 1048576K
Event: 7604.230 GC heap after
Heap after GC invocations=961 (full 2):
 garbage-first heap   total 5996544K, used 3272247K [0x0000000640000000, 0x00000006420005b8, 0x00000007c0000000)
  region size 32768K, 2 young (65536K), 2 survivors (65536K)
 Metaspace       used 364483K, capacity 382729K, committed 382796K, reserved 1370112K
  class space    used 57405K, capacity 61781K, committed 61824K, reserved 1048576K
}
Event: 7613.625 GC heap before
{Heap before GC invocations=962 (full 2):
 garbage-first heap   total 5996544K, used 4648503K [0x0000000640000000, 0x00000006420005b8, 0x00000007c0000000)
  region size 32768K, 44 young (1441792K), 2 survivors (65536K)
 Metaspace       used 364693K, capacity 382953K, committed 383180K, reserved 1370112K
  class space    used 57455K, capacity 61831K, committed 61952K, reserved 1048576K
Event: 7613.708 GC heap after
Heap after GC invocations=963 (full 2):
 garbage-first heap   total 5996544K, used 3393417K [0x0000000640000000, 0x00000006420005b8, 0x00000007c0000000)
  region size 32768K, 6 young (196608K), 6 survivors (196608K)
 Metaspace       used 364693K, capacity 382953K, committed 383180K, reserved 1370112K
  class space    used 57455K, capacity 61831K, committed 61952K, reserved 1048576K
}
Event: 7617.848 GC heap before
{Heap before GC invocations=963 (full 2):
 garbage-first heap   total 5996544K, used 4376457K [0x0000000640000000, 0x00000006420005b8, 0x00000007c0000000)
  region size 32768K, 36 young (1179648K), 6 survivors (196608K)
 Metaspace       used 364702K, capacity 382953K, committed 383180K, reserved 1370112K
  class space    used 57455K, capacity 61831K, committed 61952K, reserved 1048576K
Event: 7617.924 GC heap after
Heap after GC invocations=964 (full 2):
 garbage-first heap   total 5996544K, used 3444828K [0x0000000640000000, 0x00000006420005b8, 0x00000007c0000000)
  region size 32768K, 4 young (131072K), 4 survivors (131072K)
 Metaspace       used 364702K, capacity 382953K, committed 383180K, reserved 1370112K
  class space    used 57455K, capacity 61831K, committed 61952K, reserved 1048576K
}

